<?xml version="1.0" encoding="UTF-8"?>
<coverage generated="1681481457679" clover="3.2.0">
  <project timestamp="1681481457679" name="All files">
    <metrics statements="25" coveredstatements="25" conditionals="10" coveredconditionals="10" methods="2" coveredmethods="2" elements="37" coveredelements="37" complexity="0" loc="25" ncloc="25" packages="1" files="1" classes="1"/>
    <file name="winning-combinations.ts" path="C:\Users\userr\Documents\gui\estudos\programacao\unit-testing\jest-training\challenges\winning-combinations.ts">
      <metrics statements="25" coveredstatements="25" conditionals="10" coveredconditionals="10" methods="2" coveredmethods="2"/>
      <line num="21" count="27" type="stmt"/>
      <line num="23" count="27" type="stmt"/>
      <line num="24" count="27" type="stmt"/>
      <line num="25" count="27" type="stmt"/>
      <line num="26" count="27" type="stmt"/>
      <line num="29" count="27" type="stmt"/>
      <line num="33" count="78" type="cond" truecount="1" falsecount="0"/>
      <line num="34" count="23" type="stmt"/>
      <line num="38" count="78" type="stmt"/>
      <line num="39" count="78" type="stmt"/>
      <line num="43" count="27" type="stmt"/>
      <line num="45" count="206" type="cond" truecount="3" falsecount="0"/>
      <line num="46" count="76" type="stmt"/>
      <line num="60" count="206" type="cond" truecount="4" falsecount="0"/>
      <line num="61" count="155" type="stmt"/>
      <line num="67" count="51" type="cond" truecount="2" falsecount="0"/>
      <line num="68" count="50" type="stmt"/>
      <line num="70" count="50" type="stmt"/>
      <line num="72" count="50" type="stmt"/>
      <line num="73" count="8" type="stmt"/>
      <line num="77" count="1" type="stmt"/>
      <line num="83" count="206" type="stmt"/>
      <line num="87" count="27" type="stmt"/>
      <line num="90" count="27" type="stmt"/>
      <line num="92" count="1" type="stmt"/>
    </file>
  </project>
</coverage>
