<?xml version="1.0" encoding="UTF-8"?>
<coverage generated="1681423350223" clover="3.2.0">
  <project timestamp="1681423350223" name="All files">
    <metrics statements="16" coveredstatements="16" conditionals="13" coveredconditionals="13" methods="1" coveredmethods="1" elements="30" coveredelements="30" complexity="0" loc="16" ncloc="16" packages="1" files="1" classes="1"/>
    <file name="winning-combinations.ts" path="C:\Users\userr\Documents\gui\estudos\programacao\unit-testing\jest-training\challenges\winning-combinations.ts">
      <metrics statements="16" coveredstatements="16" conditionals="13" coveredconditionals="13" methods="1" coveredmethods="1"/>
      <line num="13" count="27" type="stmt"/>
      <line num="15" count="27" type="stmt"/>
      <line num="16" count="27" type="stmt"/>
      <line num="18" count="27" type="stmt"/>
      <line num="19" count="148" type="stmt"/>
      <line num="20" count="148" type="stmt"/>
      <line num="22" count="148" type="cond" truecount="5" falsecount="0"/>
      <line num="24" count="64" type="stmt"/>
      <line num="27" count="84" type="cond" truecount="4" falsecount="0"/>
      <line num="28" count="17" type="stmt"/>
      <line num="32" count="84" type="stmt"/>
      <line num="33" count="84" type="stmt"/>
      <line num="38" count="27" type="cond" truecount="4" falsecount="0"/>
      <line num="39" count="18" type="stmt"/>
      <line num="43" count="27" type="stmt"/>
      <line num="46" count="1" type="stmt"/>
    </file>
  </project>
</coverage>
