{"C:\\Users\\userr\\Documents\\gui\\estudos\\programacao\\unit-testing\\jest-training\\challenges\\winning-combinations.ts": {"path":"C:\\Users\\userr\\Documents\\gui\\estudos\\programacao\\unit-testing\\jest-training\\challenges\\winning-combinations.ts","statementMap":{"0":{"start":{"line":21,"column":24},"end":{"line":21,"column":60}},"1":{"start":{"line":23,"column":44},"end":{"line":23,"column":46}},"2":{"start":{"line":24,"column":26},"end":{"line":24,"column":28}},"3":{"start":{"line":25,"column":10},"end":{"line":25,"column":11}},"4":{"start":{"line":26,"column":12},"end":{"line":26,"column":13}},"5":{"start":{"line":29,"column":22},"end":{"line":40,"column":3}},"6":{"start":{"line":33,"column":4},"end":{"line":35,"column":null}},"7":{"start":{"line":34,"column":6},"end":{"line":34,"column":34}},"8":{"start":{"line":38,"column":4},"end":{"line":38,"column":17}},"9":{"start":{"line":39,"column":4},"end":{"line":39,"column":12}},"10":{"start":{"line":43,"column":2},"end":{"line":84,"column":null}},"11":{"start":{"line":45,"column":4},"end":{"line":47,"column":null}},"12":{"start":{"line":46,"column":6},"end":{"line":46,"column":26}},"13":{"start":{"line":60,"column":4},"end":{"line":78,"column":null}},"14":{"start":{"line":61,"column":6},"end":{"line":61,"column":22}},"15":{"start":{"line":67,"column":11},"end":{"line":78,"column":null}},"16":{"start":{"line":68,"column":6},"end":{"line":68,"column":20}},"17":{"start":{"line":70,"column":6},"end":{"line":70,"column":10}},"18":{"start":{"line":72,"column":6},"end":{"line":74,"column":null}},"19":{"start":{"line":73,"column":8},"end":{"line":73,"column":12}},"20":{"start":{"line":77,"column":6},"end":{"line":77,"column":20}},"21":{"start":{"line":83,"column":4},"end":{"line":83,"column":8}},"22":{"start":{"line":87,"column":2},"end":{"line":87,"column":16}},"23":{"start":{"line":90,"column":2},"end":{"line":90,"column":16}},"24":{"start":{"line":92,"column":13},"end":{"line":92,"column":44}}},"fnMap":{"0":{"name":"call","decl":{"start":{"line":20,"column":9},"end":{"line":20,"column":13}},"loc":{"start":{"line":20,"column":34},"end":{"line":91,"column":1}}},"1":{"name":"(anonymous_1)","decl":{"start":{"line":29,"column":22},"end":{"line":29,"column":25}},"loc":{"start":{"line":29,"column":27},"end":{"line":40,"column":3}}}},"branchMap":{"0":{"loc":{"start":{"line":33,"column":4},"end":{"line":35,"column":null}},"type":"if","locations":[{"start":{"line":33,"column":4},"end":{"line":35,"column":null}}]},"1":{"loc":{"start":{"line":45,"column":4},"end":{"line":47,"column":null}},"type":"if","locations":[{"start":{"line":45,"column":4},"end":{"line":47,"column":null}}]},"2":{"loc":{"start":{"line":45,"column":8},"end":{"line":45,"column":48}},"type":"binary-expr","locations":[{"start":{"line":45,"column":8},"end":{"line":45,"column":12}},{"start":{"line":45,"column":16},"end":{"line":45,"column":48}}]},"3":{"loc":{"start":{"line":60,"column":4},"end":{"line":78,"column":null}},"type":"if","locations":[{"start":{"line":60,"column":4},"end":{"line":78,"column":null}},{"start":{"line":67,"column":11},"end":{"line":78,"column":null}}]},"4":{"loc":{"start":{"line":60,"column":8},"end":{"line":60,"column":50}},"type":"binary-expr","locations":[{"start":{"line":60,"column":8},"end":{"line":60,"column":26}},{"start":{"line":60,"column":30},"end":{"line":60,"column":50}}]},"5":{"loc":{"start":{"line":67,"column":11},"end":{"line":78,"column":null}},"type":"if","locations":[{"start":{"line":67,"column":11},"end":{"line":78,"column":null}},{"start":{"line":75,"column":11},"end":{"line":78,"column":null}}]}},"s":{"0":27,"1":27,"2":27,"3":27,"4":27,"5":27,"6":78,"7":23,"8":78,"9":78,"10":27,"11":206,"12":76,"13":206,"14":155,"15":51,"16":50,"17":50,"18":50,"19":8,"20":1,"21":206,"22":27,"23":27,"24":1},"f":{"0":27,"1":78},"b":{"0":[23],"1":[76],"2":[206,102],"3":[155,51],"4":[206,163],"5":[50,1]}}
}
