{"C:\\Users\\userr\\Documents\\gui\\estudos\\programacao\\unit-testing\\jest-training\\challenges\\winning-combinations.ts": {"path":"C:\\Users\\userr\\Documents\\gui\\estudos\\programacao\\unit-testing\\jest-training\\challenges\\winning-combinations.ts","statementMap":{"0":{"start":{"line":13,"column":47},"end":{"line":13,"column":49}},"1":{"start":{"line":15,"column":22},"end":{"line":15,"column":23}},"2":{"start":{"line":16,"column":24},"end":{"line":16,"column":26}},"3":{"start":{"line":18,"column":2},"end":{"line":35,"column":null}},"4":{"start":{"line":18,"column":15},"end":{"line":18,"column":16}},"5":{"start":{"line":19,"column":19},"end":{"line":19,"column":32}},"6":{"start":{"line":20,"column":23},"end":{"line":20,"column":40}},"7":{"start":{"line":22,"column":4},"end":{"line":34,"column":null}},"8":{"start":{"line":24,"column":6},"end":{"line":24,"column":20}},"9":{"start":{"line":27,"column":6},"end":{"line":29,"column":null}},"10":{"start":{"line":28,"column":8},"end":{"line":28,"column":47}},"11":{"start":{"line":32,"column":6},"end":{"line":32,"column":29}},"12":{"start":{"line":33,"column":6},"end":{"line":33,"column":18}},"13":{"start":{"line":38,"column":2},"end":{"line":40,"column":null}},"14":{"start":{"line":39,"column":4},"end":{"line":39,"column":43}},"15":{"start":{"line":43,"column":2},"end":{"line":43,"column":19}},"16":{"start":{"line":46,"column":13},"end":{"line":46,"column":44}}},"fnMap":{"0":{"name":"call","decl":{"start":{"line":12,"column":9},"end":{"line":12,"column":13}},"loc":{"start":{"line":12,"column":34},"end":{"line":44,"column":1}}}},"branchMap":{"0":{"loc":{"start":{"line":22,"column":4},"end":{"line":34,"column":null}},"type":"if","locations":[{"start":{"line":22,"column":4},"end":{"line":34,"column":null}},{"start":{"line":25,"column":11},"end":{"line":34,"column":null}}]},"1":{"loc":{"start":{"line":22,"column":8},"end":{"line":22,"column":67}},"type":"binary-expr","locations":[{"start":{"line":22,"column":8},"end":{"line":22,"column":29}},{"start":{"line":22,"column":34},"end":{"line":22,"column":46}},{"start":{"line":22,"column":50},"end":{"line":22,"column":66}}]},"2":{"loc":{"start":{"line":27,"column":6},"end":{"line":29,"column":null}},"type":"if","locations":[{"start":{"line":27,"column":6},"end":{"line":29,"column":null}}]},"3":{"loc":{"start":{"line":27,"column":10},"end":{"line":27,"column":65}},"type":"binary-expr","locations":[{"start":{"line":27,"column":10},"end":{"line":27,"column":27}},{"start":{"line":27,"column":31},"end":{"line":27,"column":44}},{"start":{"line":27,"column":48},"end":{"line":27,"column":65}}]},"4":{"loc":{"start":{"line":38,"column":2},"end":{"line":40,"column":null}},"type":"if","locations":[{"start":{"line":38,"column":2},"end":{"line":40,"column":null}}]},"5":{"loc":{"start":{"line":38,"column":6},"end":{"line":38,"column":61}},"type":"binary-expr","locations":[{"start":{"line":38,"column":6},"end":{"line":38,"column":23}},{"start":{"line":38,"column":27},"end":{"line":38,"column":40}},{"start":{"line":38,"column":44},"end":{"line":38,"column":61}}]}},"s":{"0":27,"1":27,"2":27,"3":27,"4":27,"5":148,"6":148,"7":148,"8":64,"9":84,"10":17,"11":84,"12":84,"13":27,"14":18,"15":27,"16":1},"f":{"0":27},"b":{"0":[64,84],"1":[148,95,78],"2":[17],"3":[84,67,40],"4":[18],"5":[27,9,6]}}
}
