TN:
SF:jest-training\challenges\winning-combinations.ts
FN:20,call
FN:29,(anonymous_1)
FNF:2
FNH:2
FNDA:27,call
FNDA:78,(anonymous_1)
DA:21,27
DA:23,27
DA:24,27
DA:25,27
DA:26,27
DA:29,27
DA:33,78
DA:34,23
DA:38,78
DA:39,78
DA:43,27
DA:45,206
DA:46,76
DA:60,206
DA:61,155
DA:67,51
DA:68,50
DA:70,50
DA:72,50
DA:73,8
DA:77,1
DA:83,206
DA:87,27
DA:90,27
DA:92,1
LF:25
LH:25
BRDA:33,0,0,23
BRDA:45,1,0,76
BRDA:45,2,0,206
BRDA:45,2,1,102
BRDA:60,3,0,155
BRDA:60,3,1,51
BRDA:60,4,0,206
BRDA:60,4,1,163
BRDA:67,5,0,50
BRDA:67,5,1,1
BRF:10
BRH:10
end_of_record
